sll
[array([[     1,      1,  88118,      0,    104,      4,      4,      2,
             2,      0],
       [     1,  88118,      0,    104,    214,      4,      2,      2,
             0,      0],
       [ 88118,      0,    104,    214, 128546,      2,      2,      0,
             0,      0],
       [     0,    104,    214, 128546,  82257,      2,      0,      0,
             0,      0],
       [   104,    214, 128546,  82257,    104,      0,      0,      0,
             0,      0],
       [   214, 128546,  82257,    104, 126730,      0,      0,      0,
             0,      0],
       [128546,  82257,    104, 126730,  59370,      0,      0,      0,
             0,      0],
       [ 82257,    104, 126730,  59370, 115537,      0,      0,      0,
             0,      0],
       [   104, 126730,  59370, 115537,  14118,      0,      0,      0,
             0,      0],
       [126730,  59370, 115537,  14118,   7692,      0,      0,      0,
             0,      0],
       [ 59370, 115537,  14118,   7692,   1025,      0,      0,      0,
             0,      0],
       [115537,  14118,   7692,   1025,      0,      0,      0,      0,
             0,      0],
       [ 14118,   7692,   1025,      0,  31699,      0,      0,      0,
             0,      0],
       [  7692,   1025,      0,  31699,  80734,      0,      0,      0,
             0,      2],
       [  1025,      0,  31699,  80734,    214,      0,      0,      0,
             2,      0],
       [     0,  31699,  80734,    214,    112,      0,      0,      2,
             0,      0],
       [ 31699,  80734,    214,    112,      1,      0,      2,      0,
             0,      4],
       [ 80734,    214,    112,      1,      1,      2,      0,      0,
             4,      4]], dtype=int32)]
[array([ 2,  2,  6,  8,  5,  4,  6, 19, 11,  3,  0,  1,  3,  4,  0,  2,  8,
        7], dtype=int32)]
[array([[     1,      1,  76437,      0,  57642,      4,      4,      2,
             2,      0],
       [     1,  76437,      0,  57642,  20483,      4,      2,      2,
             0,      0],
       [ 76437,      0,  57642,  20483,  81863,      2,      2,      0,
             0,      0],
       [     0,  57642,  20483,  81863,  35980,      2,      0,      0,
             0,      2],
       [ 57642,  20483,  81863,  35980,  81201,      0,      0,      0,
             2,      1],
       [ 20483,  81863,  35980,  81201,    104,      0,      0,      2,
             1,      0],
       [ 81863,  35980,  81201,    104, 115537,      0,      2,      1,
             0,      0],
       [ 35980,  81201,    104, 115537,  34329,      2,      1,      0,
             0,      2],
       [ 81201,    104, 115537,  34329,  92415,      1,      0,      0,
             2,      0],
       [   104, 115537,  34329,  92415,  48074,      0,      0,      2,
             0,      0],
       [115537,  34329,  92415,  48074,    112,      0,      2,      0,
             0,      0],
       [ 34329,  92415,  48074,    112,      1,      2,      0,      0,
             0,      4],
       [ 92415,  48074,    112,      1,      1,      0,      0,      0,
             4,      4]], dtype=int32)]
[array([ 2,  2, 14,  0,  1,  2,  2,  6,  3,  2, 17,  0,  7], dtype=int32)]
